<?xml version="1.0" encoding="UTF-8"?>
<testsuite xmlns:xsi="http://www.w3.org/2001/XMLSchema-instance" xsi:noNamespaceSchemaLocation="https://maven.apache.org/surefire/maven-surefire-plugin/xsd/surefire-test-report.xsd" name="mxcompiler.SemanticTest" time="0.441" tests="69" errors="0" skipped="0" failures="28">
  <properties>
[...]
</properties>
  <testcase name="testPass[0]" classname="mxcompiler.SemanticTest" time="0.168">
    <failure message="this case should succeed, but you got: mxcompiler.error.SyntaxError: [Syntax Error] at (2:9)mismatched input &apos;this&apos; expecting Identifier" type="junit.framework.AssertionFailedError">junit.framework.AssertionFailedError: this case should succeed, but you got: mxcompiler.error.SyntaxError: [Syntax Error] at (2:9)mismatched input 'this' expecting Identifier
	at mxcompiler.SemanticTest.testPass(SemanticTest.java:45)
</failure>
    <system-out><![CDATA[# true
]]></system-out>
  </testcase>
  <testcase name="testPass[1]" classname="mxcompiler.SemanticTest" time="0">
    <failure message="this case should succeed, but you got: mxcompiler.error.SyntaxError: [Syntax Error] at (2:9)mismatched input &apos;this&apos; expecting Identifier" type="junit.framework.AssertionFailedError">junit.framework.AssertionFailedError: this case should succeed, but you got: mxcompiler.error.SyntaxError: [Syntax Error] at (2:9)mismatched input 'this' expecting Identifier
	at mxcompiler.SemanticTest.testPass(SemanticTest.java:45)
</failure>
    <system-out><![CDATA[# true
]]></system-out>
  </testcase>
  <testcase name="testPass[2]" classname="mxcompiler.SemanticTest" time="0.007">
    <failure message="this case should succeed, but you got: mxcompiler.error.SyntaxError: [Syntax Error] at (2:9)mismatched input &apos;this&apos; expecting Identifier" type="junit.framework.AssertionFailedError">junit.framework.AssertionFailedError: this case should succeed, but you got: mxcompiler.error.SyntaxError: [Syntax Error] at (2:9)mismatched input 'this' expecting Identifier
	at mxcompiler.SemanticTest.testPass(SemanticTest.java:45)
</failure>
    <system-out><![CDATA[# true
]]></system-out>
  </testcase>
  <testcase name="testPass[3]" classname="mxcompiler.SemanticTest" time="0.001">
    <failure message="this case should succeed, but you got: mxcompiler.error.SyntaxError: [Syntax Error] at (2:9)mismatched input &apos;this&apos; expecting Identifier" type="junit.framework.AssertionFailedError">junit.framework.AssertionFailedError: this case should succeed, but you got: mxcompiler.error.SyntaxError: [Syntax Error] at (2:9)mismatched input 'this' expecting Identifier
	at mxcompiler.SemanticTest.testPass(SemanticTest.java:45)
</failure>
    <system-out><![CDATA[# true
]]></system-out>
  </testcase>
  <testcase name="testPass[4]" classname="mxcompiler.SemanticTest" time="0">
    <failure message="this case should succeed, but you got: mxcompiler.error.SyntaxError: [Syntax Error] at (2:9)mismatched input &apos;this&apos; expecting Identifier" type="junit.framework.AssertionFailedError">junit.framework.AssertionFailedError: this case should succeed, but you got: mxcompiler.error.SyntaxError: [Syntax Error] at (2:9)mismatched input 'this' expecting Identifier
	at mxcompiler.SemanticTest.testPass(SemanticTest.java:45)
</failure>
    <system-out><![CDATA[# true
]]></system-out>
  </testcase>
  <testcase name="testPass[5]" classname="mxcompiler.SemanticTest" time="0">
    <failure message="this case should succeed, but you got: mxcompiler.error.SyntaxError: [Syntax Error] at (2:9)mismatched input &apos;this&apos; expecting Identifier" type="junit.framework.AssertionFailedError">junit.framework.AssertionFailedError: this case should succeed, but you got: mxcompiler.error.SyntaxError: [Syntax Error] at (2:9)mismatched input 'this' expecting Identifier
	at mxcompiler.SemanticTest.testPass(SemanticTest.java:45)
</failure>
    <system-out><![CDATA[# true
]]></system-out>
  </testcase>
  <testcase name="testPass[6]" classname="mxcompiler.SemanticTest" time="0.001">
    <failure message="this case should succeed, but you got: mxcompiler.error.SyntaxError: [Syntax Error] at (2:9)mismatched input &apos;this&apos; expecting Identifier" type="junit.framework.AssertionFailedError">junit.framework.AssertionFailedError: this case should succeed, but you got: mxcompiler.error.SyntaxError: [Syntax Error] at (2:9)mismatched input 'this' expecting Identifier
	at mxcompiler.SemanticTest.testPass(SemanticTest.java:45)
</failure>
    <system-out><![CDATA[# true
]]></system-out>
  </testcase>
  <testcase name="testPass[7]" classname="mxcompiler.SemanticTest" time="0.002">
    <failure message="this case should succeed, but you got: mxcompiler.error.SyntaxError: [Syntax Error] at (2:9)mismatched input &apos;this&apos; expecting Identifier" type="junit.framework.AssertionFailedError">junit.framework.AssertionFailedError: this case should succeed, but you got: mxcompiler.error.SyntaxError: [Syntax Error] at (2:9)mismatched input 'this' expecting Identifier
	at mxcompiler.SemanticTest.testPass(SemanticTest.java:45)
</failure>
    <system-out><![CDATA[# true
]]></system-out>
  </testcase>
  <testcase name="testPass[8]" classname="mxcompiler.SemanticTest" time="0.002">
    <failure message="this case should succeed, but you got: mxcompiler.error.SyntaxError: [Syntax Error] at (2:9)mismatched input &apos;this&apos; expecting Identifier" type="junit.framework.AssertionFailedError">junit.framework.AssertionFailedError: this case should succeed, but you got: mxcompiler.error.SyntaxError: [Syntax Error] at (2:9)mismatched input 'this' expecting Identifier
	at mxcompiler.SemanticTest.testPass(SemanticTest.java:45)
</failure>
    <system-out><![CDATA[# true
]]></system-out>
  </testcase>
  <testcase name="testPass[9]" classname="mxcompiler.SemanticTest" time="0.002">
    <failure message="this case should succeed, but you got: mxcompiler.error.SyntaxError: [Syntax Error] at (2:9)mismatched input &apos;this&apos; expecting Identifier" type="junit.framework.AssertionFailedError">junit.framework.AssertionFailedError: this case should succeed, but you got: mxcompiler.error.SyntaxError: [Syntax Error] at (2:9)mismatched input 'this' expecting Identifier
	at mxcompiler.SemanticTest.testPass(SemanticTest.java:45)
</failure>
    <system-out><![CDATA[# true
]]></system-out>
  </testcase>
  <testcase name="testPass[10]" classname="mxcompiler.SemanticTest" time="0.003">
    <failure message="this case should succeed, but you got: mxcompiler.error.SyntaxError: [Syntax Error] at (2:9)mismatched input &apos;this&apos; expecting Identifier" type="junit.framework.AssertionFailedError">junit.framework.AssertionFailedError: this case should succeed, but you got: mxcompiler.error.SyntaxError: [Syntax Error] at (2:9)mismatched input 'this' expecting Identifier
	at mxcompiler.SemanticTest.testPass(SemanticTest.java:45)
</failure>
    <system-out><![CDATA[# true
]]></system-out>
  </testcase>
  <testcase name="testPass[11]" classname="mxcompiler.SemanticTest" time="0.002">
    <failure message="this case should succeed, but you got: mxcompiler.error.SyntaxError: [Syntax Error] at (2:9)mismatched input &apos;this&apos; expecting Identifier" type="junit.framework.AssertionFailedError">junit.framework.AssertionFailedError: this case should succeed, but you got: mxcompiler.error.SyntaxError: [Syntax Error] at (2:9)mismatched input 'this' expecting Identifier
	at mxcompiler.SemanticTest.testPass(SemanticTest.java:45)
</failure>
    <system-out><![CDATA[# true
]]></system-out>
  </testcase>
  <testcase name="testPass[12]" classname="mxcompiler.SemanticTest" time="0.001">
    <failure message="this case should succeed, but you got: mxcompiler.error.SyntaxError: [Syntax Error] at (2:9)mismatched input &apos;this&apos; expecting Identifier" type="junit.framework.AssertionFailedError">junit.framework.AssertionFailedError: this case should succeed, but you got: mxcompiler.error.SyntaxError: [Syntax Error] at (2:9)mismatched input 'this' expecting Identifier
	at mxcompiler.SemanticTest.testPass(SemanticTest.java:45)
</failure>
    <system-out><![CDATA[# true
]]></system-out>
  </testcase>
  <testcase name="testPass[13]" classname="mxcompiler.SemanticTest" time="0.001">
    <failure message="this case should succeed, but you got: mxcompiler.error.SyntaxError: [Syntax Error] at (2:9)mismatched input &apos;this&apos; expecting Identifier" type="junit.framework.AssertionFailedError">junit.framework.AssertionFailedError: this case should succeed, but you got: mxcompiler.error.SyntaxError: [Syntax Error] at (2:9)mismatched input 'this' expecting Identifier
	at mxcompiler.SemanticTest.testPass(SemanticTest.java:45)
</failure>
    <system-out><![CDATA[# true
]]></system-out>
  </testcase>
  <testcase name="testPass[14]" classname="mxcompiler.SemanticTest" time="0.001">
    <failure message="this case should succeed, but you got: mxcompiler.error.SyntaxError: [Syntax Error] at (2:9)mismatched input &apos;this&apos; expecting Identifier" type="junit.framework.AssertionFailedError">junit.framework.AssertionFailedError: this case should succeed, but you got: mxcompiler.error.SyntaxError: [Syntax Error] at (2:9)mismatched input 'this' expecting Identifier
	at mxcompiler.SemanticTest.testPass(SemanticTest.java:45)
</failure>
    <system-out><![CDATA[# true
]]></system-out>
  </testcase>
  <testcase name="testPass[15]" classname="mxcompiler.SemanticTest" time="0.003">
    <failure message="this case should succeed, but you got: mxcompiler.error.SyntaxError: [Syntax Error] at (2:9)mismatched input &apos;this&apos; expecting Identifier" type="junit.framework.AssertionFailedError">junit.framework.AssertionFailedError: this case should succeed, but you got: mxcompiler.error.SyntaxError: [Syntax Error] at (2:9)mismatched input 'this' expecting Identifier
	at mxcompiler.SemanticTest.testPass(SemanticTest.java:45)
</failure>
    <system-out><![CDATA[# true
]]></system-out>
  </testcase>
  <testcase name="testPass[16]" classname="mxcompiler.SemanticTest" time="0.002">
    <failure message="this case should succeed, but you got: mxcompiler.error.SyntaxError: [Syntax Error] at (2:9)mismatched input &apos;this&apos; expecting Identifier" type="junit.framework.AssertionFailedError">junit.framework.AssertionFailedError: this case should succeed, but you got: mxcompiler.error.SyntaxError: [Syntax Error] at (2:9)mismatched input 'this' expecting Identifier
	at mxcompiler.SemanticTest.testPass(SemanticTest.java:45)
</failure>
    <system-out><![CDATA[# true
]]></system-out>
  </testcase>
  <testcase name="testPass[17]" classname="mxcompiler.SemanticTest" time="0.002">
    <failure message="this case should succeed, but you got: mxcompiler.error.SyntaxError: [Syntax Error] at (2:9)mismatched input &apos;this&apos; expecting Identifier" type="junit.framework.AssertionFailedError">junit.framework.AssertionFailedError: this case should succeed, but you got: mxcompiler.error.SyntaxError: [Syntax Error] at (2:9)mismatched input 'this' expecting Identifier
	at mxcompiler.SemanticTest.testPass(SemanticTest.java:45)
</failure>
    <system-out><![CDATA[# true
]]></system-out>
  </testcase>
  <testcase name="testPass[18]" classname="mxcompiler.SemanticTest" time="0.001">
    <failure message="this case should succeed, but you got: mxcompiler.error.SyntaxError: [Syntax Error] at (2:9)mismatched input &apos;this&apos; expecting Identifier" type="junit.framework.AssertionFailedError">junit.framework.AssertionFailedError: this case should succeed, but you got: mxcompiler.error.SyntaxError: [Syntax Error] at (2:9)mismatched input 'this' expecting Identifier
	at mxcompiler.SemanticTest.testPass(SemanticTest.java:45)
</failure>
    <system-out><![CDATA[# true
]]></system-out>
  </testcase>
  <testcase name="testPass[19]" classname="mxcompiler.SemanticTest" time="0.001">
    <failure message="this case should succeed, but you got: mxcompiler.error.SyntaxError: [Syntax Error] at (2:9)mismatched input &apos;this&apos; expecting Identifier" type="junit.framework.AssertionFailedError">junit.framework.AssertionFailedError: this case should succeed, but you got: mxcompiler.error.SyntaxError: [Syntax Error] at (2:9)mismatched input 'this' expecting Identifier
	at mxcompiler.SemanticTest.testPass(SemanticTest.java:45)
</failure>
    <system-out><![CDATA[# true
]]></system-out>
  </testcase>
  <testcase name="testPass[20]" classname="mxcompiler.SemanticTest" time="0.002">
    <failure message="this case should succeed, but you got: mxcompiler.error.SyntaxError: [Syntax Error] at (2:9)mismatched input &apos;this&apos; expecting Identifier" type="junit.framework.AssertionFailedError">junit.framework.AssertionFailedError: this case should succeed, but you got: mxcompiler.error.SyntaxError: [Syntax Error] at (2:9)mismatched input 'this' expecting Identifier
	at mxcompiler.SemanticTest.testPass(SemanticTest.java:45)
</failure>
    <system-out><![CDATA[# true
]]></system-out>
  </testcase>
  <testcase name="testPass[21]" classname="mxcompiler.SemanticTest" time="0.001">
    <failure message="this case should succeed, but you got: mxcompiler.error.SyntaxError: [Syntax Error] at (2:9)mismatched input &apos;this&apos; expecting Identifier" type="junit.framework.AssertionFailedError">junit.framework.AssertionFailedError: this case should succeed, but you got: mxcompiler.error.SyntaxError: [Syntax Error] at (2:9)mismatched input 'this' expecting Identifier
	at mxcompiler.SemanticTest.testPass(SemanticTest.java:45)
</failure>
    <system-out><![CDATA[# true
]]></system-out>
  </testcase>
  <testcase name="testPass[22]" classname="mxcompiler.SemanticTest" time="0.001">
    <failure message="this case should succeed, but you got: mxcompiler.error.SyntaxError: [Syntax Error] at (2:9)mismatched input &apos;this&apos; expecting Identifier" type="junit.framework.AssertionFailedError">junit.framework.AssertionFailedError: this case should succeed, but you got: mxcompiler.error.SyntaxError: [Syntax Error] at (2:9)mismatched input 'this' expecting Identifier
	at mxcompiler.SemanticTest.testPass(SemanticTest.java:45)
</failure>
    <system-out><![CDATA[# true
]]></system-out>
  </testcase>
  <testcase name="testPass[23]" classname="mxcompiler.SemanticTest" time="0.002">
    <failure message="this case should succeed, but you got: mxcompiler.error.SyntaxError: [Syntax Error] at (2:9)mismatched input &apos;this&apos; expecting Identifier" type="junit.framework.AssertionFailedError">junit.framework.AssertionFailedError: this case should succeed, but you got: mxcompiler.error.SyntaxError: [Syntax Error] at (2:9)mismatched input 'this' expecting Identifier
	at mxcompiler.SemanticTest.testPass(SemanticTest.java:45)
</failure>
    <system-out><![CDATA[# true
]]></system-out>
  </testcase>
  <testcase name="testPass[24]" classname="mxcompiler.SemanticTest" time="0.002">
    <failure message="this case should succeed, but you got: mxcompiler.error.SyntaxError: [Syntax Error] at (2:9)mismatched input &apos;this&apos; expecting Identifier" type="junit.framework.AssertionFailedError">junit.framework.AssertionFailedError: this case should succeed, but you got: mxcompiler.error.SyntaxError: [Syntax Error] at (2:9)mismatched input 'this' expecting Identifier
	at mxcompiler.SemanticTest.testPass(SemanticTest.java:45)
</failure>
    <system-out><![CDATA[# true
]]></system-out>
  </testcase>
  <testcase name="testPass[25]" classname="mxcompiler.SemanticTest" time="0.026">
    <failure message="this case should succeed, but you got: mxcompiler.error.SyntaxError: [Syntax Error] at (2:9)mismatched input &apos;this&apos; expecting Identifier" type="junit.framework.AssertionFailedError">junit.framework.AssertionFailedError: this case should succeed, but you got: mxcompiler.error.SyntaxError: [Syntax Error] at (2:9)mismatched input 'this' expecting Identifier
	at mxcompiler.SemanticTest.testPass(SemanticTest.java:45)
</failure>
    <system-out><![CDATA[# true
]]></system-out>
  </testcase>
  <testcase name="testPass[26]" classname="mxcompiler.SemanticTest" time="0.001">
    <failure message="this case should succeed, but you got: mxcompiler.error.SyntaxError: [Syntax Error] at (2:9)mismatched input &apos;this&apos; expecting Identifier" type="junit.framework.AssertionFailedError">junit.framework.AssertionFailedError: this case should succeed, but you got: mxcompiler.error.SyntaxError: [Syntax Error] at (2:9)mismatched input 'this' expecting Identifier
	at mxcompiler.SemanticTest.testPass(SemanticTest.java:45)
</failure>
    <system-out><![CDATA[# true
]]></system-out>
  </testcase>
  <testcase name="testPass[27]" classname="mxcompiler.SemanticTest" time="0.002">
    <failure message="this case should succeed, but you got: mxcompiler.error.SyntaxError: [Syntax Error] at (2:9)mismatched input &apos;this&apos; expecting Identifier" type="junit.framework.AssertionFailedError">junit.framework.AssertionFailedError: this case should succeed, but you got: mxcompiler.error.SyntaxError: [Syntax Error] at (2:9)mismatched input 'this' expecting Identifier
	at mxcompiler.SemanticTest.testPass(SemanticTest.java:45)
</failure>
    <system-out><![CDATA[# true
]]></system-out>
  </testcase>
  <testcase name="testPass[28]" classname="mxcompiler.SemanticTest" time="0.002"/>
  <testcase name="testPass[29]" classname="mxcompiler.SemanticTest" time="0.001"/>
  <testcase name="testPass[30]" classname="mxcompiler.SemanticTest" time="0.002"/>
  <testcase name="testPass[31]" classname="mxcompiler.SemanticTest" time="0.001"/>
  <testcase name="testPass[32]" classname="mxcompiler.SemanticTest" time="0.001"/>
  <testcase name="testPass[33]" classname="mxcompiler.SemanticTest" time="0.002"/>
  <testcase name="testPass[34]" classname="mxcompiler.SemanticTest" time="0"/>
  <testcase name="testPass[35]" classname="mxcompiler.SemanticTest" time="0.001"/>
  <testcase name="testPass[36]" classname="mxcompiler.SemanticTest" time="0.002"/>
  <testcase name="testPass[37]" classname="mxcompiler.SemanticTest" time="0.001"/>
  <testcase name="testPass[38]" classname="mxcompiler.SemanticTest" time="0.001"/>
  <testcase name="testPass[39]" classname="mxcompiler.SemanticTest" time="0.001"/>
  <testcase name="testPass[40]" classname="mxcompiler.SemanticTest" time="0.001"/>
  <testcase name="testPass[41]" classname="mxcompiler.SemanticTest" time="0"/>
  <testcase name="testPass[42]" classname="mxcompiler.SemanticTest" time="0.001"/>
  <testcase name="testPass[43]" classname="mxcompiler.SemanticTest" time="0.001"/>
  <testcase name="testPass[44]" classname="mxcompiler.SemanticTest" time="0.001"/>
  <testcase name="testPass[45]" classname="mxcompiler.SemanticTest" time="0.001"/>
  <testcase name="testPass[46]" classname="mxcompiler.SemanticTest" time="0"/>
  <testcase name="testPass[47]" classname="mxcompiler.SemanticTest" time="0.001"/>
  <testcase name="testPass[48]" classname="mxcompiler.SemanticTest" time="0.002"/>
  <testcase name="testPass[49]" classname="mxcompiler.SemanticTest" time="0.002"/>
  <testcase name="testPass[50]" classname="mxcompiler.SemanticTest" time="0.002"/>
  <testcase name="testPass[51]" classname="mxcompiler.SemanticTest" time="0.001"/>
  <testcase name="testPass[52]" classname="mxcompiler.SemanticTest" time="0.001"/>
  <testcase name="testPass[53]" classname="mxcompiler.SemanticTest" time="0.002"/>
  <testcase name="testPass[54]" classname="mxcompiler.SemanticTest" time="0.001"/>
  <testcase name="testPass[55]" classname="mxcompiler.SemanticTest" time="0.001"/>
  <testcase name="testPass[56]" classname="mxcompiler.SemanticTest" time="0.001"/>
  <testcase name="testPass[57]" classname="mxcompiler.SemanticTest" time="0.036"/>
  <testcase name="testPass[58]" classname="mxcompiler.SemanticTest" time="0.001"/>
  <testcase name="testPass[59]" classname="mxcompiler.SemanticTest" time="0.001"/>
  <testcase name="testPass[60]" classname="mxcompiler.SemanticTest" time="0"/>
  <testcase name="testPass[61]" classname="mxcompiler.SemanticTest" time="0"/>
  <testcase name="testPass[62]" classname="mxcompiler.SemanticTest" time="0.002"/>
  <testcase name="testPass[63]" classname="mxcompiler.SemanticTest" time="0.001"/>
  <testcase name="testPass[64]" classname="mxcompiler.SemanticTest" time="0"/>
  <testcase name="testPass[65]" classname="mxcompiler.SemanticTest" time="0.001"/>
  <testcase name="testPass[66]" classname="mxcompiler.SemanticTest" time="0.001"/>
  <testcase name="testPass[67]" classname="mxcompiler.SemanticTest" time="0.001"/>
  <testcase name="testPass[68]" classname="mxcompiler.SemanticTest" time="0.001"/>
</testsuite>