<?xml version="1.0" encoding="UTF-8"?>
<testsuite xmlns:xsi="http://www.w3.org/2001/XMLSchema-instance" xsi:noNamespaceSchemaLocation="https://maven.apache.org/surefire/maven-surefire-plugin/xsd/surefire-test-report.xsd" name="mxcompiler.SemanticTest" time="0.441" tests="69" errors="0" skipped="0" failures="28">
  <properties>
    <property name="sun.desktop" value="gnome"/>
    <property name="awt.toolkit" value="sun.awt.X11.XToolkit"/>
    <property name="java.specification.version" value="11"/>
    <property name="sun.cpu.isalist" value=""/>
    <property name="sun.jnu.encoding" value="UTF-8"/>
    <property name="java.class.path" value="/home/xun/Documents/mxc/target/test-classes:/home/xun/Documents/mxc/target/classes:/home/xun/.m2/repository/junit/junit/4.11/junit-4.11.jar:/home/xun/.m2/repository/org/hamcrest/hamcrest-core/1.3/hamcrest-core-1.3.jar:/home/xun/Documents/mxc/lib/antlr-4.7.2-complete.jar:"/>
    <property name="java.vm.vendor" value="Oracle Corporation"/>
    <property name="sun.arch.data.model" value="64"/>
    <property name="java.vendor.url" value="http://java.oracle.com/"/>
    <property name="user.timezone" value=""/>
    <property name="java.vm.specification.version" value="11"/>
    <property name="os.name" value="Linux"/>
    <property name="sun.java.launcher" value="SUN_STANDARD"/>
    <property name="user.country" value="US"/>
    <property name="sun.boot.library.path" value="/usr/lib/jdk-11.0.2/lib"/>
    <property name="sun.java.command" value="/home/xun/Documents/mxc/target/surefire/surefirebooter18263608334533550709.jar /home/xun/Documents/mxc/target/surefire 2019-04-06T10-15-07_175-jvmRun1 surefire1953973323582967656tmp surefire_01901593302548946826tmp"/>
    <property name="jdk.debug" value="release"/>
    <property name="surefire.test.class.path" value="/home/xun/Documents/mxc/target/test-classes:/home/xun/Documents/mxc/target/classes:/home/xun/.m2/repository/junit/junit/4.11/junit-4.11.jar:/home/xun/.m2/repository/org/hamcrest/hamcrest-core/1.3/hamcrest-core-1.3.jar:/home/xun/Documents/mxc/lib/antlr-4.7.2-complete.jar:"/>
    <property name="sun.cpu.endian" value="little"/>
    <property name="user.home" value="/home/xun"/>
    <property name="user.language" value="en"/>
    <property name="java.specification.vendor" value="Oracle Corporation"/>
    <property name="java.version.date" value="2019-01-15"/>
    <property name="java.home" value="/usr/lib/jdk-11.0.2"/>
    <property name="file.separator" value="/"/>
    <property name="basedir" value="/home/xun/Documents/mxc"/>
    <property name="java.vm.compressedOopsMode" value="Zero based"/>
    <property name="line.separator" value="&#10;"/>
    <property name="java.specification.name" value="Java Platform API Specification"/>
    <property name="java.vm.specification.vendor" value="Oracle Corporation"/>
    <property name="java.awt.graphicsenv" value="sun.awt.X11GraphicsEnvironment"/>
    <property name="surefire.real.class.path" value="/home/xun/Documents/mxc/target/surefire/surefirebooter18263608334533550709.jar"/>
    <property name="sun.management.compiler" value="HotSpot 64-Bit Tiered Compilers"/>
    <property name="java.runtime.version" value="11.0.2+9"/>
    <property name="user.name" value="xun"/>
    <property name="path.separator" value=":"/>
    <property name="os.version" value="4.15.0-47-generic"/>
    <property name="java.runtime.name" value="OpenJDK Runtime Environment"/>
    <property name="file.encoding" value="UTF-8"/>
    <property name="java.vm.name" value="OpenJDK 64-Bit Server VM"/>
    <property name="java.vendor.version" value="18.9"/>
    <property name="localRepository" value="/home/xun/.m2/repository"/>
    <property name="java.vendor.url.bug" value="http://bugreport.java.com/bugreport/"/>
    <property name="java.io.tmpdir" value="/tmp"/>
    <property name="java.version" value="11.0.2"/>
    <property name="user.dir" value="/home/xun/Documents/mxc"/>
    <property name="os.arch" value="amd64"/>
    <property name="java.vm.specification.name" value="Java Virtual Machine Specification"/>
    <property name="java.awt.printerjob" value="sun.print.PSPrinterJob"/>
    <property name="sun.os.patch.level" value="unknown"/>
    <property name="java.library.path" value="/usr/java/packages/lib:/usr/lib64:/lib64:/lib:/usr/lib"/>
    <property name="java.vendor" value="Oracle Corporation"/>
    <property name="java.vm.info" value="mixed mode"/>
    <property name="java.vm.version" value="11.0.2+9"/>
    <property name="sun.io.unicode.encoding" value="UnicodeLittle"/>
    <property name="java.class.version" value="55.0"/>
  </properties>
  <testcase name="testPass[0]" classname="mxcompiler.SemanticTest" time="0.168">
    <failure message="this case should succeed, but you got: mxcompiler.error.SyntaxError: [Syntax Error] at (2:9)mismatched input &apos;this&apos; expecting Identifier" type="junit.framework.AssertionFailedError">junit.framework.AssertionFailedError: this case should succeed, but you got: mxcompiler.error.SyntaxError: [Syntax Error] at (2:9)mismatched input 'this' expecting Identifier
	at mxcompiler.SemanticTest.testPass(SemanticTest.java:45)
</failure>
    <system-out><![CDATA[# true
]]></system-out>
  </testcase>
  <testcase name="testPass[1]" classname="mxcompiler.SemanticTest" time="0">
    <failure message="this case should succeed, but you got: mxcompiler.error.SyntaxError: [Syntax Error] at (2:9)mismatched input &apos;this&apos; expecting Identifier" type="junit.framework.AssertionFailedError">junit.framework.AssertionFailedError: this case should succeed, but you got: mxcompiler.error.SyntaxError: [Syntax Error] at (2:9)mismatched input 'this' expecting Identifier
	at mxcompiler.SemanticTest.testPass(SemanticTest.java:45)
</failure>
    <system-out><![CDATA[# true
]]></system-out>
  </testcase>
  <testcase name="testPass[2]" classname="mxcompiler.SemanticTest" time="0.007">
    <failure message="this case should succeed, but you got: mxcompiler.error.SyntaxError: [Syntax Error] at (2:9)mismatched input &apos;this&apos; expecting Identifier" type="junit.framework.AssertionFailedError">junit.framework.AssertionFailedError: this case should succeed, but you got: mxcompiler.error.SyntaxError: [Syntax Error] at (2:9)mismatched input 'this' expecting Identifier
	at mxcompiler.SemanticTest.testPass(SemanticTest.java:45)
</failure>
    <system-out><![CDATA[# true
]]></system-out>
  </testcase>
  <testcase name="testPass[3]" classname="mxcompiler.SemanticTest" time="0.001">
    <failure message="this case should succeed, but you got: mxcompiler.error.SyntaxError: [Syntax Error] at (2:9)mismatched input &apos;this&apos; expecting Identifier" type="junit.framework.AssertionFailedError">junit.framework.AssertionFailedError: this case should succeed, but you got: mxcompiler.error.SyntaxError: [Syntax Error] at (2:9)mismatched input 'this' expecting Identifier
	at mxcompiler.SemanticTest.testPass(SemanticTest.java:45)
</failure>
    <system-out><![CDATA[# true
]]></system-out>
  </testcase>
  <testcase name="testPass[4]" classname="mxcompiler.SemanticTest" time="0">
    <failure message="this case should succeed, but you got: mxcompiler.error.SyntaxError: [Syntax Error] at (2:9)mismatched input &apos;this&apos; expecting Identifier" type="junit.framework.AssertionFailedError">junit.framework.AssertionFailedError: this case should succeed, but you got: mxcompiler.error.SyntaxError: [Syntax Error] at (2:9)mismatched input 'this' expecting Identifier
	at mxcompiler.SemanticTest.testPass(SemanticTest.java:45)
</failure>
    <system-out><![CDATA[# true
]]></system-out>
  </testcase>
  <testcase name="testPass[5]" classname="mxcompiler.SemanticTest" time="0">
    <failure message="this case should succeed, but you got: mxcompiler.error.SyntaxError: [Syntax Error] at (2:9)mismatched input &apos;this&apos; expecting Identifier" type="junit.framework.AssertionFailedError">junit.framework.AssertionFailedError: this case should succeed, but you got: mxcompiler.error.SyntaxError: [Syntax Error] at (2:9)mismatched input 'this' expecting Identifier
	at mxcompiler.SemanticTest.testPass(SemanticTest.java:45)
</failure>
    <system-out><![CDATA[# true
]]></system-out>
  </testcase>
  <testcase name="testPass[6]" classname="mxcompiler.SemanticTest" time="0.001">
    <failure message="this case should succeed, but you got: mxcompiler.error.SyntaxError: [Syntax Error] at (2:9)mismatched input &apos;this&apos; expecting Identifier" type="junit.framework.AssertionFailedError">junit.framework.AssertionFailedError: this case should succeed, but you got: mxcompiler.error.SyntaxError: [Syntax Error] at (2:9)mismatched input 'this' expecting Identifier
	at mxcompiler.SemanticTest.testPass(SemanticTest.java:45)
</failure>
    <system-out><![CDATA[# true
]]></system-out>
  </testcase>
  <testcase name="testPass[7]" classname="mxcompiler.SemanticTest" time="0.002">
    <failure message="this case should succeed, but you got: mxcompiler.error.SyntaxError: [Syntax Error] at (2:9)mismatched input &apos;this&apos; expecting Identifier" type="junit.framework.AssertionFailedError">junit.framework.AssertionFailedError: this case should succeed, but you got: mxcompiler.error.SyntaxError: [Syntax Error] at (2:9)mismatched input 'this' expecting Identifier
	at mxcompiler.SemanticTest.testPass(SemanticTest.java:45)
</failure>
    <system-out><![CDATA[# true
]]></system-out>
  </testcase>
  <testcase name="testPass[8]" classname="mxcompiler.SemanticTest" time="0.002">
    <failure message="this case should succeed, but you got: mxcompiler.error.SyntaxError: [Syntax Error] at (2:9)mismatched input &apos;this&apos; expecting Identifier" type="junit.framework.AssertionFailedError">junit.framework.AssertionFailedError: this case should succeed, but you got: mxcompiler.error.SyntaxError: [Syntax Error] at (2:9)mismatched input 'this' expecting Identifier
	at mxcompiler.SemanticTest.testPass(SemanticTest.java:45)
</failure>
    <system-out><![CDATA[# true
]]></system-out>
  </testcase>
  <testcase name="testPass[9]" classname="mxcompiler.SemanticTest" time="0.002">
    <failure message="this case should succeed, but you got: mxcompiler.error.SyntaxError: [Syntax Error] at (2:9)mismatched input &apos;this&apos; expecting Identifier" type="junit.framework.AssertionFailedError">junit.framework.AssertionFailedError: this case should succeed, but you got: mxcompiler.error.SyntaxError: [Syntax Error] at (2:9)mismatched input 'this' expecting Identifier
	at mxcompiler.SemanticTest.testPass(SemanticTest.java:45)
</failure>
    <system-out><![CDATA[# true
]]></system-out>
  </testcase>
  <testcase name="testPass[10]" classname="mxcompiler.SemanticTest" time="0.003">
    <failure message="this case should succeed, but you got: mxcompiler.error.SyntaxError: [Syntax Error] at (2:9)mismatched input &apos;this&apos; expecting Identifier" type="junit.framework.AssertionFailedError">junit.framework.AssertionFailedError: this case should succeed, but you got: mxcompiler.error.SyntaxError: [Syntax Error] at (2:9)mismatched input 'this' expecting Identifier
	at mxcompiler.SemanticTest.testPass(SemanticTest.java:45)
</failure>
    <system-out><![CDATA[# true
]]></system-out>
  </testcase>
  <testcase name="testPass[11]" classname="mxcompiler.SemanticTest" time="0.002">
    <failure message="this case should succeed, but you got: mxcompiler.error.SyntaxError: [Syntax Error] at (2:9)mismatched input &apos;this&apos; expecting Identifier" type="junit.framework.AssertionFailedError">junit.framework.AssertionFailedError: this case should succeed, but you got: mxcompiler.error.SyntaxError: [Syntax Error] at (2:9)mismatched input 'this' expecting Identifier
	at mxcompiler.SemanticTest.testPass(SemanticTest.java:45)
</failure>
    <system-out><![CDATA[# true
]]></system-out>
  </testcase>
  <testcase name="testPass[12]" classname="mxcompiler.SemanticTest" time="0.001">
    <failure message="this case should succeed, but you got: mxcompiler.error.SyntaxError: [Syntax Error] at (2:9)mismatched input &apos;this&apos; expecting Identifier" type="junit.framework.AssertionFailedError">junit.framework.AssertionFailedError: this case should succeed, but you got: mxcompiler.error.SyntaxError: [Syntax Error] at (2:9)mismatched input 'this' expecting Identifier
	at mxcompiler.SemanticTest.testPass(SemanticTest.java:45)
</failure>
    <system-out><![CDATA[# true
]]></system-out>
  </testcase>
  <testcase name="testPass[13]" classname="mxcompiler.SemanticTest" time="0.001">
    <failure message="this case should succeed, but you got: mxcompiler.error.SyntaxError: [Syntax Error] at (2:9)mismatched input &apos;this&apos; expecting Identifier" type="junit.framework.AssertionFailedError">junit.framework.AssertionFailedError: this case should succeed, but you got: mxcompiler.error.SyntaxError: [Syntax Error] at (2:9)mismatched input 'this' expecting Identifier
	at mxcompiler.SemanticTest.testPass(SemanticTest.java:45)
</failure>
    <system-out><![CDATA[# true
]]></system-out>
  </testcase>
  <testcase name="testPass[14]" classname="mxcompiler.SemanticTest" time="0.001">
    <failure message="this case should succeed, but you got: mxcompiler.error.SyntaxError: [Syntax Error] at (2:9)mismatched input &apos;this&apos; expecting Identifier" type="junit.framework.AssertionFailedError">junit.framework.AssertionFailedError: this case should succeed, but you got: mxcompiler.error.SyntaxError: [Syntax Error] at (2:9)mismatched input 'this' expecting Identifier
	at mxcompiler.SemanticTest.testPass(SemanticTest.java:45)
</failure>
    <system-out><![CDATA[# true
]]></system-out>
  </testcase>
  <testcase name="testPass[15]" classname="mxcompiler.SemanticTest" time="0.003">
    <failure message="this case should succeed, but you got: mxcompiler.error.SyntaxError: [Syntax Error] at (2:9)mismatched input &apos;this&apos; expecting Identifier" type="junit.framework.AssertionFailedError">junit.framework.AssertionFailedError: this case should succeed, but you got: mxcompiler.error.SyntaxError: [Syntax Error] at (2:9)mismatched input 'this' expecting Identifier
	at mxcompiler.SemanticTest.testPass(SemanticTest.java:45)
</failure>
    <system-out><![CDATA[# true
]]></system-out>
  </testcase>
  <testcase name="testPass[16]" classname="mxcompiler.SemanticTest" time="0.002">
    <failure message="this case should succeed, but you got: mxcompiler.error.SyntaxError: [Syntax Error] at (2:9)mismatched input &apos;this&apos; expecting Identifier" type="junit.framework.AssertionFailedError">junit.framework.AssertionFailedError: this case should succeed, but you got: mxcompiler.error.SyntaxError: [Syntax Error] at (2:9)mismatched input 'this' expecting Identifier
	at mxcompiler.SemanticTest.testPass(SemanticTest.java:45)
</failure>
    <system-out><![CDATA[# true
]]></system-out>
  </testcase>
  <testcase name="testPass[17]" classname="mxcompiler.SemanticTest" time="0.002">
    <failure message="this case should succeed, but you got: mxcompiler.error.SyntaxError: [Syntax Error] at (2:9)mismatched input &apos;this&apos; expecting Identifier" type="junit.framework.AssertionFailedError">junit.framework.AssertionFailedError: this case should succeed, but you got: mxcompiler.error.SyntaxError: [Syntax Error] at (2:9)mismatched input 'this' expecting Identifier
	at mxcompiler.SemanticTest.testPass(SemanticTest.java:45)
</failure>
    <system-out><![CDATA[# true
]]></system-out>
  </testcase>
  <testcase name="testPass[18]" classname="mxcompiler.SemanticTest" time="0.001">
    <failure message="this case should succeed, but you got: mxcompiler.error.SyntaxError: [Syntax Error] at (2:9)mismatched input &apos;this&apos; expecting Identifier" type="junit.framework.AssertionFailedError">junit.framework.AssertionFailedError: this case should succeed, but you got: mxcompiler.error.SyntaxError: [Syntax Error] at (2:9)mismatched input 'this' expecting Identifier
	at mxcompiler.SemanticTest.testPass(SemanticTest.java:45)
</failure>
    <system-out><![CDATA[# true
]]></system-out>
  </testcase>
  <testcase name="testPass[19]" classname="mxcompiler.SemanticTest" time="0.001">
    <failure message="this case should succeed, but you got: mxcompiler.error.SyntaxError: [Syntax Error] at (2:9)mismatched input &apos;this&apos; expecting Identifier" type="junit.framework.AssertionFailedError">junit.framework.AssertionFailedError: this case should succeed, but you got: mxcompiler.error.SyntaxError: [Syntax Error] at (2:9)mismatched input 'this' expecting Identifier
	at mxcompiler.SemanticTest.testPass(SemanticTest.java:45)
</failure>
    <system-out><![CDATA[# true
]]></system-out>
  </testcase>
  <testcase name="testPass[20]" classname="mxcompiler.SemanticTest" time="0.002">
    <failure message="this case should succeed, but you got: mxcompiler.error.SyntaxError: [Syntax Error] at (2:9)mismatched input &apos;this&apos; expecting Identifier" type="junit.framework.AssertionFailedError">junit.framework.AssertionFailedError: this case should succeed, but you got: mxcompiler.error.SyntaxError: [Syntax Error] at (2:9)mismatched input 'this' expecting Identifier
	at mxcompiler.SemanticTest.testPass(SemanticTest.java:45)
</failure>
    <system-out><![CDATA[# true
]]></system-out>
  </testcase>
  <testcase name="testPass[21]" classname="mxcompiler.SemanticTest" time="0.001">
    <failure message="this case should succeed, but you got: mxcompiler.error.SyntaxError: [Syntax Error] at (2:9)mismatched input &apos;this&apos; expecting Identifier" type="junit.framework.AssertionFailedError">junit.framework.AssertionFailedError: this case should succeed, but you got: mxcompiler.error.SyntaxError: [Syntax Error] at (2:9)mismatched input 'this' expecting Identifier
	at mxcompiler.SemanticTest.testPass(SemanticTest.java:45)
</failure>
    <system-out><![CDATA[# true
]]></system-out>
  </testcase>
  <testcase name="testPass[22]" classname="mxcompiler.SemanticTest" time="0.001">
    <failure message="this case should succeed, but you got: mxcompiler.error.SyntaxError: [Syntax Error] at (2:9)mismatched input &apos;this&apos; expecting Identifier" type="junit.framework.AssertionFailedError">junit.framework.AssertionFailedError: this case should succeed, but you got: mxcompiler.error.SyntaxError: [Syntax Error] at (2:9)mismatched input 'this' expecting Identifier
	at mxcompiler.SemanticTest.testPass(SemanticTest.java:45)
</failure>
    <system-out><![CDATA[# true
]]></system-out>
  </testcase>
  <testcase name="testPass[23]" classname="mxcompiler.SemanticTest" time="0.002">
    <failure message="this case should succeed, but you got: mxcompiler.error.SyntaxError: [Syntax Error] at (2:9)mismatched input &apos;this&apos; expecting Identifier" type="junit.framework.AssertionFailedError">junit.framework.AssertionFailedError: this case should succeed, but you got: mxcompiler.error.SyntaxError: [Syntax Error] at (2:9)mismatched input 'this' expecting Identifier
	at mxcompiler.SemanticTest.testPass(SemanticTest.java:45)
</failure>
    <system-out><![CDATA[# true
]]></system-out>
  </testcase>
  <testcase name="testPass[24]" classname="mxcompiler.SemanticTest" time="0.002">
    <failure message="this case should succeed, but you got: mxcompiler.error.SyntaxError: [Syntax Error] at (2:9)mismatched input &apos;this&apos; expecting Identifier" type="junit.framework.AssertionFailedError">junit.framework.AssertionFailedError: this case should succeed, but you got: mxcompiler.error.SyntaxError: [Syntax Error] at (2:9)mismatched input 'this' expecting Identifier
	at mxcompiler.SemanticTest.testPass(SemanticTest.java:45)
</failure>
    <system-out><![CDATA[# true
]]></system-out>
  </testcase>
  <testcase name="testPass[25]" classname="mxcompiler.SemanticTest" time="0.026">
    <failure message="this case should succeed, but you got: mxcompiler.error.SyntaxError: [Syntax Error] at (2:9)mismatched input &apos;this&apos; expecting Identifier" type="junit.framework.AssertionFailedError">junit.framework.AssertionFailedError: this case should succeed, but you got: mxcompiler.error.SyntaxError: [Syntax Error] at (2:9)mismatched input 'this' expecting Identifier
	at mxcompiler.SemanticTest.testPass(SemanticTest.java:45)
</failure>
    <system-out><![CDATA[# true
]]></system-out>
  </testcase>
  <testcase name="testPass[26]" classname="mxcompiler.SemanticTest" time="0.001">
    <failure message="this case should succeed, but you got: mxcompiler.error.SyntaxError: [Syntax Error] at (2:9)mismatched input &apos;this&apos; expecting Identifier" type="junit.framework.AssertionFailedError">junit.framework.AssertionFailedError: this case should succeed, but you got: mxcompiler.error.SyntaxError: [Syntax Error] at (2:9)mismatched input 'this' expecting Identifier
	at mxcompiler.SemanticTest.testPass(SemanticTest.java:45)
</failure>
    <system-out><![CDATA[# true
]]></system-out>
  </testcase>
  <testcase name="testPass[27]" classname="mxcompiler.SemanticTest" time="0.002">
    <failure message="this case should succeed, but you got: mxcompiler.error.SyntaxError: [Syntax Error] at (2:9)mismatched input &apos;this&apos; expecting Identifier" type="junit.framework.AssertionFailedError">junit.framework.AssertionFailedError: this case should succeed, but you got: mxcompiler.error.SyntaxError: [Syntax Error] at (2:9)mismatched input 'this' expecting Identifier
	at mxcompiler.SemanticTest.testPass(SemanticTest.java:45)
</failure>
    <system-out><![CDATA[# true
]]></system-out>
  </testcase>
  <testcase name="testPass[28]" classname="mxcompiler.SemanticTest" time="0.002"/>
  <testcase name="testPass[29]" classname="mxcompiler.SemanticTest" time="0.001"/>
  <testcase name="testPass[30]" classname="mxcompiler.SemanticTest" time="0.002"/>
  <testcase name="testPass[31]" classname="mxcompiler.SemanticTest" time="0.001"/>
  <testcase name="testPass[32]" classname="mxcompiler.SemanticTest" time="0.001"/>
  <testcase name="testPass[33]" classname="mxcompiler.SemanticTest" time="0.002"/>
  <testcase name="testPass[34]" classname="mxcompiler.SemanticTest" time="0"/>
  <testcase name="testPass[35]" classname="mxcompiler.SemanticTest" time="0.001"/>
  <testcase name="testPass[36]" classname="mxcompiler.SemanticTest" time="0.002"/>
  <testcase name="testPass[37]" classname="mxcompiler.SemanticTest" time="0.001"/>
  <testcase name="testPass[38]" classname="mxcompiler.SemanticTest" time="0.001"/>
  <testcase name="testPass[39]" classname="mxcompiler.SemanticTest" time="0.001"/>
  <testcase name="testPass[40]" classname="mxcompiler.SemanticTest" time="0.001"/>
  <testcase name="testPass[41]" classname="mxcompiler.SemanticTest" time="0"/>
  <testcase name="testPass[42]" classname="mxcompiler.SemanticTest" time="0.001"/>
  <testcase name="testPass[43]" classname="mxcompiler.SemanticTest" time="0.001"/>
  <testcase name="testPass[44]" classname="mxcompiler.SemanticTest" time="0.001"/>
  <testcase name="testPass[45]" classname="mxcompiler.SemanticTest" time="0.001"/>
  <testcase name="testPass[46]" classname="mxcompiler.SemanticTest" time="0"/>
  <testcase name="testPass[47]" classname="mxcompiler.SemanticTest" time="0.001"/>
  <testcase name="testPass[48]" classname="mxcompiler.SemanticTest" time="0.002"/>
  <testcase name="testPass[49]" classname="mxcompiler.SemanticTest" time="0.002"/>
  <testcase name="testPass[50]" classname="mxcompiler.SemanticTest" time="0.002"/>
  <testcase name="testPass[51]" classname="mxcompiler.SemanticTest" time="0.001"/>
  <testcase name="testPass[52]" classname="mxcompiler.SemanticTest" time="0.001"/>
  <testcase name="testPass[53]" classname="mxcompiler.SemanticTest" time="0.002"/>
  <testcase name="testPass[54]" classname="mxcompiler.SemanticTest" time="0.001"/>
  <testcase name="testPass[55]" classname="mxcompiler.SemanticTest" time="0.001"/>
  <testcase name="testPass[56]" classname="mxcompiler.SemanticTest" time="0.001"/>
  <testcase name="testPass[57]" classname="mxcompiler.SemanticTest" time="0.036"/>
  <testcase name="testPass[58]" classname="mxcompiler.SemanticTest" time="0.001"/>
  <testcase name="testPass[59]" classname="mxcompiler.SemanticTest" time="0.001"/>
  <testcase name="testPass[60]" classname="mxcompiler.SemanticTest" time="0"/>
  <testcase name="testPass[61]" classname="mxcompiler.SemanticTest" time="0"/>
  <testcase name="testPass[62]" classname="mxcompiler.SemanticTest" time="0.002"/>
  <testcase name="testPass[63]" classname="mxcompiler.SemanticTest" time="0.001"/>
  <testcase name="testPass[64]" classname="mxcompiler.SemanticTest" time="0"/>
  <testcase name="testPass[65]" classname="mxcompiler.SemanticTest" time="0.001"/>
  <testcase name="testPass[66]" classname="mxcompiler.SemanticTest" time="0.001"/>
  <testcase name="testPass[67]" classname="mxcompiler.SemanticTest" time="0.001"/>
  <testcase name="testPass[68]" classname="mxcompiler.SemanticTest" time="0.001"/>
</testsuite>